<?xml version="1.0" encoding="UTF-8"?>
<coverage generated="1761153682491" clover="3.2.0">
  <project timestamp="1761153682491" name="All files">
    <metrics statements="163" coveredstatements="157" conditionals="72" coveredconditionals="46" methods="57" coveredmethods="54" elements="292" coveredelements="257" complexity="0" loc="163" ncloc="163" packages="12" files="25" classes="25"/>
    <package name="data.mapper">
      <metrics statements="8" coveredstatements="8" conditionals="0" coveredconditionals="0" methods="8" coveredmethods="8"/>
      <file name="commentMapper.ts" path="/Users/hassan/Workspace/ReactNative/CleanApp/clean-expo-app/src/data/mapper/commentMapper.ts">
        <metrics statements="4" coveredstatements="4" conditionals="0" coveredconditionals="0" methods="4" coveredmethods="4"/>
        <line num="4" count="2" type="stmt"/>
        <line num="5" count="2" type="stmt"/>
        <line num="12" count="2" type="stmt"/>
        <line num="13" count="1" type="stmt"/>
      </file>
      <file name="index.ts" path="/Users/hassan/Workspace/ReactNative/CleanApp/clean-expo-app/src/data/mapper/index.ts">
        <metrics statements="0" coveredstatements="0" conditionals="0" coveredconditionals="0" methods="0" coveredmethods="0"/>
      </file>
      <file name="postMapper.ts" path="/Users/hassan/Workspace/ReactNative/CleanApp/clean-expo-app/src/data/mapper/postMapper.ts">
        <metrics statements="2" coveredstatements="2" conditionals="0" coveredconditionals="0" methods="2" coveredmethods="2"/>
        <line num="4" count="6" type="stmt"/>
        <line num="11" count="2" type="stmt"/>
      </file>
      <file name="userMapper.ts" path="/Users/hassan/Workspace/ReactNative/CleanApp/clean-expo-app/src/data/mapper/userMapper.ts">
        <metrics statements="2" coveredstatements="2" conditionals="0" coveredconditionals="0" methods="2" coveredmethods="2"/>
        <line num="4" count="2" type="stmt"/>
        <line num="10" count="2" type="stmt"/>
      </file>
    </package>
    <package name="data.repository">
      <metrics statements="12" coveredstatements="12" conditionals="6" coveredconditionals="6" methods="3" coveredmethods="3"/>
      <file name="PostRepositoryImpl.ts" path="/Users/hassan/Workspace/ReactNative/CleanApp/clean-expo-app/src/data/repository/PostRepositoryImpl.ts">
        <metrics statements="12" coveredstatements="12" conditionals="6" coveredconditionals="6" methods="3" coveredmethods="3"/>
        <line num="14" count="2" type="stmt"/>
        <line num="15" count="2" type="cond" truecount="4" falsecount="0"/>
        <line num="16" count="1" type="stmt"/>
        <line num="19" count="1" type="stmt"/>
        <line num="20" count="1" type="stmt"/>
        <line num="21" count="1" type="stmt"/>
        <line num="25" count="2" type="stmt"/>
        <line num="26" count="2" type="cond" truecount="2" falsecount="0"/>
        <line num="27" count="1" type="stmt"/>
        <line num="30" count="1" type="stmt"/>
        <line num="31" count="1" type="stmt"/>
        <line num="32" count="1" type="stmt"/>
      </file>
    </package>
    <package name="data.source.remote">
      <metrics statements="8" coveredstatements="8" conditionals="0" coveredconditionals="0" methods="4" coveredmethods="4"/>
      <file name="APIService.ts" path="/Users/hassan/Workspace/ReactNative/CleanApp/clean-expo-app/src/data/source/remote/APIService.ts">
        <metrics statements="8" coveredstatements="8" conditionals="0" coveredconditionals="0" methods="4" coveredmethods="4"/>
        <line num="19" count="1" type="stmt"/>
        <line num="20" count="1" type="stmt"/>
        <line num="24" count="1" type="stmt"/>
        <line num="25" count="1" type="stmt"/>
        <line num="29" count="1" type="stmt"/>
        <line num="30" count="1" type="stmt"/>
        <line num="34" count="1" type="stmt"/>
        <line num="35" count="1" type="stmt"/>
      </file>
    </package>
    <package name="domain.usecase">
      <metrics statements="4" coveredstatements="4" conditionals="0" coveredconditionals="0" methods="8" coveredmethods="8"/>
      <file name="GetCommentUseCase.ts" path="/Users/hassan/Workspace/ReactNative/CleanApp/clean-expo-app/src/domain/usecase/GetCommentUseCase.ts">
        <metrics statements="1" coveredstatements="1" conditionals="0" coveredconditionals="0" methods="2" coveredmethods="2"/>
        <line num="8" count="1" type="stmt"/>
      </file>
      <file name="GetPostUseCase.ts" path="/Users/hassan/Workspace/ReactNative/CleanApp/clean-expo-app/src/domain/usecase/GetPostUseCase.ts">
        <metrics statements="1" coveredstatements="1" conditionals="0" coveredconditionals="0" methods="2" coveredmethods="2"/>
        <line num="8" count="1" type="stmt"/>
      </file>
      <file name="GetPostsUseCase.ts" path="/Users/hassan/Workspace/ReactNative/CleanApp/clean-expo-app/src/domain/usecase/GetPostsUseCase.ts">
        <metrics statements="1" coveredstatements="1" conditionals="0" coveredconditionals="0" methods="2" coveredmethods="2"/>
        <line num="9" count="1" type="stmt"/>
      </file>
      <file name="GetUserUseCase.ts" path="/Users/hassan/Workspace/ReactNative/CleanApp/clean-expo-app/src/domain/usecase/GetUserUseCase.ts">
        <metrics statements="1" coveredstatements="1" conditionals="0" coveredconditionals="0" methods="2" coveredmethods="2"/>
        <line num="8" count="1" type="stmt"/>
      </file>
    </package>
    <package name="main.constants">
      <metrics statements="28" coveredstatements="27" conditionals="13" coveredconditionals="11" methods="3" coveredmethods="3"/>
      <file name="Colors.ts" path="/Users/hassan/Workspace/ReactNative/CleanApp/clean-expo-app/src/main/constants/Colors.ts">
        <metrics statements="3" coveredstatements="3" conditionals="0" coveredconditionals="0" methods="0" coveredmethods="0"/>
        <line num="6" count="3" type="stmt"/>
        <line num="7" count="3" type="stmt"/>
        <line num="9" count="3" type="stmt"/>
      </file>
      <file name="constants.ts" path="/Users/hassan/Workspace/ReactNative/CleanApp/clean-expo-app/src/main/constants/constants.ts">
        <metrics statements="25" coveredstatements="24" conditionals="13" coveredconditionals="11" methods="3" coveredmethods="3"/>
        <line num="5" count="8" type="stmt"/>
        <line num="6" count="8" type="stmt"/>
        <line num="7" count="8" type="stmt"/>
        <line num="9" count="8" type="stmt"/>
        <line num="10" count="2" type="stmt"/>
        <line num="11" count="2" type="stmt"/>
        <line num="12" count="2" type="stmt"/>
        <line num="14" count="2" type="cond" truecount="3" falsecount="0"/>
        <line num="16" count="2" type="cond" truecount="2" falsecount="0"/>
        <line num="17" count="1" type="stmt"/>
        <line num="20" count="1" type="cond" truecount="1" falsecount="1"/>
        <line num="23" count="8" type="stmt"/>
        <line num="24" count="2" type="cond" truecount="2" falsecount="0"/>
        <line num="25" count="1" type="stmt"/>
        <line num="28" count="1" type="stmt"/>
        <line num="29" count="1" type="stmt"/>
        <line num="30" count="1" type="stmt"/>
        <line num="31" count="1" type="stmt"/>
        <line num="33" count="0" type="stmt"/>
        <line num="37" count="8" type="stmt"/>
        <line num="38" count="5" type="cond" truecount="2" falsecount="0"/>
        <line num="40" count="3" type="stmt"/>
        <line num="43" count="2" type="stmt"/>
        <line num="44" count="2" type="stmt"/>
        <line num="48" count="8" type="cond" truecount="1" falsecount="1"/>
      </file>
    </package>
    <package name="main.hooks">
      <metrics statements="17" coveredstatements="17" conditionals="10" coveredconditionals="8" methods="5" coveredmethods="5"/>
      <file name="index.ts" path="/Users/hassan/Workspace/ReactNative/CleanApp/clean-expo-app/src/main/hooks/index.ts">
        <metrics statements="0" coveredstatements="0" conditionals="0" coveredconditionals="0" methods="0" coveredmethods="0"/>
      </file>
      <file name="useColorScheme.ts" path="/Users/hassan/Workspace/ReactNative/CleanApp/clean-expo-app/src/main/hooks/useColorScheme.ts">
        <metrics statements="0" coveredstatements="0" conditionals="0" coveredconditionals="0" methods="0" coveredmethods="0"/>
      </file>
      <file name="useLocalization.ts" path="/Users/hassan/Workspace/ReactNative/CleanApp/clean-expo-app/src/main/hooks/useLocalization.ts">
        <metrics statements="12" coveredstatements="12" conditionals="6" coveredconditionals="5" methods="4" coveredmethods="4"/>
        <line num="7" count="5" type="stmt"/>
        <line num="10" count="5" type="stmt"/>
        <line num="11" count="3" type="stmt"/>
        <line num="12" count="3" type="stmt"/>
        <line num="13" count="3" type="cond" truecount="4" falsecount="0"/>
        <line num="14" count="1" type="stmt"/>
        <line num="15" count="1" type="stmt"/>
        <line num="21" count="5" type="stmt"/>
        <line num="22" count="1" type="stmt"/>
        <line num="23" count="1" type="stmt"/>
        <line num="24" count="1" type="stmt"/>
        <line num="27" count="5" type="stmt"/>
      </file>
      <file name="useThemeColor.ts" path="/Users/hassan/Workspace/ReactNative/CleanApp/clean-expo-app/src/main/hooks/useThemeColor.ts">
        <metrics statements="5" coveredstatements="5" conditionals="4" coveredconditionals="3" methods="1" coveredmethods="1"/>
        <line num="13" count="5" type="cond" truecount="1" falsecount="1"/>
        <line num="14" count="5" type="stmt"/>
        <line num="16" count="5" type="cond" truecount="2" falsecount="0"/>
        <line num="17" count="1" type="stmt"/>
        <line num="19" count="4" type="stmt"/>
      </file>
    </package>
    <package name="main.localization">
      <metrics statements="10" coveredstatements="10" conditionals="4" coveredconditionals="2" methods="2" coveredmethods="2"/>
      <file name="i18n.ts" path="/Users/hassan/Workspace/ReactNative/CleanApp/clean-expo-app/src/main/localization/i18n.ts">
        <metrics statements="10" coveredstatements="10" conditionals="4" coveredconditionals="2" methods="2" coveredmethods="2"/>
        <line num="10" count="1" type="stmt"/>
        <line num="15" count="1" type="stmt"/>
        <line num="16" count="1" type="stmt"/>
        <line num="19" count="1" type="stmt"/>
        <line num="20" count="1" type="stmt"/>
        <line num="21" count="1" type="cond" truecount="1" falsecount="1"/>
        <line num="24" count="1" type="cond" truecount="1" falsecount="1"/>
        <line num="25" count="1" type="stmt"/>
        <line num="28" count="1" type="stmt"/>
        <line num="38" count="1" type="stmt"/>
      </file>
    </package>
    <package name="main.utils">
      <metrics statements="30" coveredstatements="30" conditionals="11" coveredconditionals="10" methods="9" coveredmethods="9"/>
      <file name="PixelUtils.ts" path="/Users/hassan/Workspace/ReactNative/CleanApp/clean-expo-app/src/main/utils/PixelUtils.ts">
        <metrics statements="30" coveredstatements="30" conditionals="11" coveredconditionals="10" methods="9" coveredmethods="9"/>
        <line num="4" count="2" type="stmt"/>
        <line num="5" count="2" type="stmt"/>
        <line num="7" count="2" type="stmt"/>
        <line num="8" count="16" type="stmt"/>
        <line num="10" count="2" type="stmt"/>
        <line num="11" count="3" type="stmt"/>
        <line num="12" count="3" type="stmt"/>
        <line num="15" count="2" type="stmt"/>
        <line num="16" count="7" type="stmt"/>
        <line num="17" count="7" type="stmt"/>
        <line num="20" count="2" type="cond" truecount="1" falsecount="0"/>
        <line num="21" count="2" type="stmt"/>
        <line num="22" count="2" type="stmt"/>
        <line num="25" count="2" type="cond" truecount="1" falsecount="0"/>
        <line num="26" count="6" type="stmt"/>
        <line num="27" count="6" type="stmt"/>
        <line num="30" count="2" type="stmt"/>
        <line num="31" count="6" type="stmt"/>
        <line num="33" count="2" type="cond" truecount="0" falsecount="1"/>
        <line num="34" count="1" type="stmt"/>
        <line num="35" count="1" type="stmt"/>
        <line num="43" count="2" type="stmt"/>
        <line num="55" count="2" type="stmt"/>
        <line num="56" count="3" type="stmt"/>
        <line num="58" count="3" type="stmt"/>
        <line num="59" count="3" type="cond" truecount="4" falsecount="0"/>
        <line num="60" count="1" type="stmt"/>
        <line num="63" count="2" type="cond" truecount="4" falsecount="0"/>
        <line num="64" count="1" type="stmt"/>
        <line num="67" count="1" type="stmt"/>
      </file>
    </package>
    <package name="presentation.components.theme">
      <metrics statements="11" coveredstatements="7" conditionals="24" coveredconditionals="6" methods="4" coveredmethods="2"/>
      <file name="ThemedButton.tsx" path="/Users/hassan/Workspace/ReactNative/CleanApp/clean-expo-app/src/presentation/components/theme/ThemedButton.tsx">
        <metrics statements="5" coveredstatements="1" conditionals="11" coveredconditionals="0" methods="2" coveredmethods="0"/>
        <line num="23" count="0" type="stmt"/>
        <line num="27" count="0" type="stmt"/>
        <line num="29" count="0" type="stmt"/>
        <line num="31" count="0" type="stmt"/>
        <line num="47" count="1" type="stmt"/>
      </file>
      <file name="ThemedText.tsx" path="/Users/hassan/Workspace/ReactNative/CleanApp/clean-expo-app/src/presentation/components/theme/ThemedText.tsx">
        <metrics statements="3" coveredstatements="3" conditionals="11" coveredconditionals="5" methods="1" coveredmethods="1"/>
        <line num="11" count="1" type="stmt"/>
        <line num="39" count="1" type="stmt"/>
        <line num="41" count="1" type="stmt"/>
      </file>
      <file name="ThemedView.tsx" path="/Users/hassan/Workspace/ReactNative/CleanApp/clean-expo-app/src/presentation/components/theme/ThemedView.tsx">
        <metrics statements="3" coveredstatements="3" conditionals="2" coveredconditionals="1" methods="1" coveredmethods="1"/>
        <line num="10" count="1" type="stmt"/>
        <line num="11" count="1" type="stmt"/>
        <line num="13" count="1" type="stmt"/>
      </file>
      <file name="index.ts" path="/Users/hassan/Workspace/ReactNative/CleanApp/clean-expo-app/src/presentation/components/theme/index.ts">
        <metrics statements="0" coveredstatements="0" conditionals="0" coveredconditionals="0" methods="0" coveredmethods="0"/>
      </file>
    </package>
    <package name="presentation.features.favorite.components">
      <metrics statements="11" coveredstatements="10" conditionals="2" coveredconditionals="2" methods="4" coveredmethods="3"/>
      <file name="FavoriteScreen.tsx" path="/Users/hassan/Workspace/ReactNative/CleanApp/clean-expo-app/src/presentation/features/favorite/components/FavoriteScreen.tsx">
        <metrics statements="11" coveredstatements="10" conditionals="2" coveredconditionals="2" methods="4" coveredmethods="3"/>
        <line num="9" count="1" type="stmt"/>
        <line num="10" count="2" type="stmt"/>
        <line num="12" count="2" type="stmt"/>
        <line num="14" count="2" type="stmt"/>
        <line num="15" count="0" type="stmt"/>
        <line num="18" count="2" type="stmt"/>
        <line num="19" count="1" type="stmt"/>
        <line num="20" count="1" type="stmt"/>
        <line num="24" count="2" type="cond" truecount="2" falsecount="0"/>
        <line num="25" count="1" type="stmt"/>
        <line num="36" count="1" type="stmt"/>
      </file>
    </package>
    <package name="presentation.features.posts.hooks">
      <metrics statements="20" coveredstatements="20" conditionals="2" coveredconditionals="1" methods="7" coveredmethods="7"/>
      <file name="usePosts.ts" path="/Users/hassan/Workspace/ReactNative/CleanApp/clean-expo-app/src/presentation/features/posts/hooks/usePosts.ts">
        <metrics statements="20" coveredstatements="20" conditionals="2" coveredconditionals="1" methods="7" coveredmethods="7"/>
        <line num="5" count="1" type="stmt"/>
        <line num="6" count="4" type="stmt"/>
        <line num="7" count="4" type="stmt"/>
        <line num="8" count="4" type="stmt"/>
        <line num="10" count="4" type="stmt"/>
        <line num="11" count="2" type="stmt"/>
        <line num="12" count="2" type="stmt"/>
        <line num="14" count="2" type="stmt"/>
        <line num="15" count="2" type="stmt"/>
        <line num="16" count="1" type="stmt"/>
        <line num="18" count="1" type="stmt"/>
        <line num="19" count="1" type="cond" truecount="1" falsecount="1"/>
        <line num="21" count="2" type="stmt"/>
        <line num="25" count="4" type="stmt"/>
        <line num="26" count="2" type="stmt"/>
        <line num="29" count="4" type="stmt"/>
        <line num="30" count="3" type="stmt"/>
        <line num="34" count="4" type="stmt"/>
        <line num="36" count="4" type="stmt"/>
        <line num="43" count="4" type="stmt"/>
      </file>
    </package>
    <package name="presentation.theme">
      <metrics statements="4" coveredstatements="4" conditionals="0" coveredconditionals="0" methods="0" coveredmethods="0"/>
      <file name="typography.ts" path="/Users/hassan/Workspace/ReactNative/CleanApp/clean-expo-app/src/presentation/theme/typography.ts">
        <metrics statements="4" coveredstatements="4" conditionals="0" coveredconditionals="0" methods="0" coveredmethods="0"/>
        <line num="4" count="1" type="stmt"/>
        <line num="10" count="1" type="stmt"/>
        <line num="16" count="1" type="stmt"/>
        <line num="22" count="1" type="stmt"/>
      </file>
    </package>
  </project>
</coverage>
