{"/Users/hassan/Workspace/ReactNative/CleanApp/clean-expo-app/src/data/mapper/commentMapper.ts": {"path":"/Users/hassan/Workspace/ReactNative/CleanApp/clean-expo-app/src/data/mapper/commentMapper.ts","statementMap":{"0":{"start":{"line":4,"column":38},"end":{"line":10,"column":5}},"1":{"start":{"line":5,"column":2},"end":{"line":10,"column":5}},"2":{"start":{"line":5,"column":19},"end":{"line":10,"column":3}},"3":{"start":{"line":12,"column":38},"end":{"line":18,"column":5}},"4":{"start":{"line":13,"column":2},"end":{"line":18,"column":5}},"5":{"start":{"line":13,"column":21},"end":{"line":18,"column":3}}},"fnMap":{"0":{"name":"(anonymous_0)","decl":{"start":{"line":4,"column":38},"end":{"line":4,"column":39}},"loc":{"start":{"line":5,"column":2},"end":{"line":10,"column":5}},"line":5},"1":{"name":"(anonymous_1)","decl":{"start":{"line":5,"column":11},"end":{"line":5,"column":12}},"loc":{"start":{"line":5,"column":19},"end":{"line":10,"column":3}},"line":5},"2":{"name":"(anonymous_2)","decl":{"start":{"line":12,"column":38},"end":{"line":12,"column":39}},"loc":{"start":{"line":13,"column":2},"end":{"line":18,"column":5}},"line":13},"3":{"name":"(anonymous_3)","decl":{"start":{"line":13,"column":15},"end":{"line":13,"column":16}},"loc":{"start":{"line":13,"column":21},"end":{"line":18,"column":3}},"line":13}},"branchMap":{},"s":{"0":2,"1":1,"2":2,"3":2,"4":1,"5":1},"f":{"0":1,"1":2,"2":1,"3":1},"b":{},"_coverageSchema":"1a1c01bbd47fc00a2c39e90264f33305004495a9","hash":"dc17332f88b6b0e5efb04a6dc54eb7be5d7c0d1c"}
,"/Users/hassan/Workspace/ReactNative/CleanApp/clean-expo-app/src/data/mapper/index.ts": {"path":"/Users/hassan/Workspace/ReactNative/CleanApp/clean-expo-app/src/data/mapper/index.ts","statementMap":{},"fnMap":{},"branchMap":{},"s":{},"f":{},"b":{},"_coverageSchema":"1a1c01bbd47fc00a2c39e90264f33305004495a9","hash":"06406673203cdc3dd028238a663e6c606038261e"}
,"/Users/hassan/Workspace/ReactNative/CleanApp/clean-expo-app/src/data/mapper/postMapper.ts": {"path":"/Users/hassan/Workspace/ReactNative/CleanApp/clean-expo-app/src/data/mapper/postMapper.ts","statementMap":{"0":{"start":{"line":4,"column":32},"end":{"line":9,"column":2}},"1":{"start":{"line":4,"column":57},"end":{"line":9,"column":1}},"2":{"start":{"line":11,"column":32},"end":{"line":16,"column":2}},"3":{"start":{"line":11,"column":58},"end":{"line":16,"column":1}}},"fnMap":{"0":{"name":"(anonymous_0)","decl":{"start":{"line":4,"column":32},"end":{"line":4,"column":33}},"loc":{"start":{"line":4,"column":57},"end":{"line":9,"column":1}},"line":4},"1":{"name":"(anonymous_1)","decl":{"start":{"line":11,"column":32},"end":{"line":11,"column":33}},"loc":{"start":{"line":11,"column":58},"end":{"line":16,"column":1}},"line":11}},"branchMap":{},"s":{"0":2,"1":6,"2":2,"3":1},"f":{"0":6,"1":1},"b":{},"_coverageSchema":"1a1c01bbd47fc00a2c39e90264f33305004495a9","hash":"8cb97f082411560470513984a955352395881cd0"}
,"/Users/hassan/Workspace/ReactNative/CleanApp/clean-expo-app/src/data/mapper/userMapper.ts": {"path":"/Users/hassan/Workspace/ReactNative/CleanApp/clean-expo-app/src/data/mapper/userMapper.ts","statementMap":{"0":{"start":{"line":4,"column":32},"end":{"line":8,"column":2}},"1":{"start":{"line":4,"column":57},"end":{"line":8,"column":1}},"2":{"start":{"line":10,"column":32},"end":{"line":14,"column":2}},"3":{"start":{"line":10,"column":58},"end":{"line":14,"column":1}}},"fnMap":{"0":{"name":"(anonymous_0)","decl":{"start":{"line":4,"column":32},"end":{"line":4,"column":33}},"loc":{"start":{"line":4,"column":57},"end":{"line":8,"column":1}},"line":4},"1":{"name":"(anonymous_1)","decl":{"start":{"line":10,"column":32},"end":{"line":10,"column":33}},"loc":{"start":{"line":10,"column":58},"end":{"line":14,"column":1}},"line":10}},"branchMap":{},"s":{"0":2,"1":1,"2":2,"3":1},"f":{"0":1,"1":1},"b":{},"_coverageSchema":"1a1c01bbd47fc00a2c39e90264f33305004495a9","hash":"b0e2ecae89d70b3b106db49aed01a95fe254bdb8"}
,"/Users/hassan/Workspace/ReactNative/CleanApp/clean-expo-app/src/data/repository/PostRepositoryImpl.ts": {"path":"/Users/hassan/Workspace/ReactNative/CleanApp/clean-expo-app/src/data/repository/PostRepositoryImpl.ts","statementMap":{"0":{"start":{"line":14,"column":24},"end":{"line":14,"column":61}},"1":{"start":{"line":15,"column":4},"end":{"line":17,"column":5}},"2":{"start":{"line":16,"column":6},"end":{"line":16,"column":47}},"3":{"start":{"line":19,"column":24},"end":{"line":19,"column":64}},"4":{"start":{"line":20,"column":4},"end":{"line":20,"column":54}},"5":{"start":{"line":21,"column":4},"end":{"line":21,"column":45}},"6":{"start":{"line":25,"column":23},"end":{"line":25,"column":65}},"7":{"start":{"line":26,"column":4},"end":{"line":28,"column":5}},"8":{"start":{"line":27,"column":6},"end":{"line":27,"column":42}},"9":{"start":{"line":30,"column":23},"end":{"line":30,"column":68}},"10":{"start":{"line":31,"column":4},"end":{"line":31,"column":52}},"11":{"start":{"line":32,"column":4},"end":{"line":32,"column":40}}},"fnMap":{"0":{"name":"(anonymous_0)","decl":{"start":{"line":8,"column":2},"end":{"line":8,"column":3}},"loc":{"start":{"line":11,"column":4},"end":{"line":11,"column":7}},"line":11},"1":{"name":"(anonymous_1)","decl":{"start":{"line":13,"column":2},"end":{"line":13,"column":3}},"loc":{"start":{"line":13,"column":39},"end":{"line":22,"column":3}},"line":13},"2":{"name":"(anonymous_2)","decl":{"start":{"line":24,"column":2},"end":{"line":24,"column":3}},"loc":{"start":{"line":24,"column":57},"end":{"line":33,"column":3}},"line":24}},"branchMap":{"0":{"loc":{"start":{"line":15,"column":4},"end":{"line":17,"column":5}},"type":"if","locations":[{"start":{"line":15,"column":4},"end":{"line":17,"column":5}},{"start":{},"end":{}}],"line":15},"1":{"loc":{"start":{"line":15,"column":8},"end":{"line":15,"column":45}},"type":"binary-expr","locations":[{"start":{"line":15,"column":8},"end":{"line":15,"column":19}},{"start":{"line":15,"column":23},"end":{"line":15,"column":45}}],"line":15},"2":{"loc":{"start":{"line":26,"column":4},"end":{"line":28,"column":5}},"type":"if","locations":[{"start":{"line":26,"column":4},"end":{"line":28,"column":5}},{"start":{},"end":{}}],"line":26}},"s":{"0":2,"1":2,"2":1,"3":1,"4":1,"5":1,"6":2,"7":2,"8":1,"9":1,"10":1,"11":1},"f":{"0":4,"1":2,"2":2},"b":{"0":[1,1],"1":[2,1],"2":[1,1]},"_coverageSchema":"1a1c01bbd47fc00a2c39e90264f33305004495a9","hash":"39ecc563629e5bbad73e7f9ce63df6238024d3d4"}
,"/Users/hassan/Workspace/ReactNative/CleanApp/clean-expo-app/src/data/source/remote/APIService.ts": {"path":"/Users/hassan/Workspace/ReactNative/CleanApp/clean-expo-app/src/data/source/remote/APIService.ts","statementMap":{"0":{"start":{"line":19,"column":21},"end":{"line":19,"column":51}},"1":{"start":{"line":20,"column":4},"end":{"line":20,"column":25}},"2":{"start":{"line":24,"column":21},"end":{"line":24,"column":55}},"3":{"start":{"line":25,"column":4},"end":{"line":25,"column":25}},"4":{"start":{"line":29,"column":21},"end":{"line":29,"column":55}},"5":{"start":{"line":30,"column":4},"end":{"line":30,"column":25}},"6":{"start":{"line":34,"column":21},"end":{"line":34,"column":63}},"7":{"start":{"line":35,"column":4},"end":{"line":35,"column":25}}},"fnMap":{"0":{"name":"(anonymous_0)","decl":{"start":{"line":18,"column":2},"end":{"line":18,"column":3}},"loc":{"start":{"line":18,"column":41},"end":{"line":21,"column":3}},"line":18},"1":{"name":"(anonymous_1)","decl":{"start":{"line":23,"column":2},"end":{"line":23,"column":3}},"loc":{"start":{"line":23,"column":52},"end":{"line":26,"column":3}},"line":23},"2":{"name":"(anonymous_2)","decl":{"start":{"line":28,"column":2},"end":{"line":28,"column":3}},"loc":{"start":{"line":28,"column":52},"end":{"line":31,"column":3}},"line":28},"3":{"name":"(anonymous_3)","decl":{"start":{"line":33,"column":2},"end":{"line":33,"column":3}},"loc":{"start":{"line":33,"column":65},"end":{"line":36,"column":3}},"line":33}},"branchMap":{},"s":{"0":1,"1":1,"2":1,"3":1,"4":1,"5":1,"6":1,"7":1},"f":{"0":1,"1":1,"2":1,"3":1},"b":{},"_coverageSchema":"1a1c01bbd47fc00a2c39e90264f33305004495a9","hash":"33a576cceb783b11d584736e2f1bfbadb2d861d9"}
,"/Users/hassan/Workspace/ReactNative/CleanApp/clean-expo-app/src/domain/usecase/GetCommentUseCase.ts": {"path":"/Users/hassan/Workspace/ReactNative/CleanApp/clean-expo-app/src/domain/usecase/GetCommentUseCase.ts","statementMap":{"0":{"start":{"line":8,"column":4},"end":{"line":8,"column":58}}},"fnMap":{"0":{"name":"(anonymous_0)","decl":{"start":{"line":5,"column":2},"end":{"line":5,"column":3}},"loc":{"start":{"line":5,"column":69},"end":{"line":5,"column":72}},"line":5},"1":{"name":"(anonymous_1)","decl":{"start":{"line":7,"column":2},"end":{"line":7,"column":3}},"loc":{"start":{"line":7,"column":52},"end":{"line":9,"column":3}},"line":7}},"branchMap":{},"s":{"0":1},"f":{"0":1,"1":1},"b":{},"_coverageSchema":"1a1c01bbd47fc00a2c39e90264f33305004495a9","hash":"15b51157557d7fcdc95b35269214c9dd6cf9482c"}
,"/Users/hassan/Workspace/ReactNative/CleanApp/clean-expo-app/src/domain/usecase/GetPostUseCase.ts": {"path":"/Users/hassan/Workspace/ReactNative/CleanApp/clean-expo-app/src/domain/usecase/GetPostUseCase.ts","statementMap":{"0":{"start":{"line":8,"column":4},"end":{"line":8,"column":47}}},"fnMap":{"0":{"name":"(anonymous_0)","decl":{"start":{"line":5,"column":2},"end":{"line":5,"column":3}},"loc":{"start":{"line":5,"column":63},"end":{"line":5,"column":66}},"line":5},"1":{"name":"(anonymous_1)","decl":{"start":{"line":7,"column":2},"end":{"line":7,"column":3}},"loc":{"start":{"line":7,"column":47},"end":{"line":9,"column":3}},"line":7}},"branchMap":{},"s":{"0":1},"f":{"0":1,"1":1},"b":{},"_coverageSchema":"1a1c01bbd47fc00a2c39e90264f33305004495a9","hash":"503dab6e28ffacb1bf51c316262f5f3713462141"}
,"/Users/hassan/Workspace/ReactNative/CleanApp/clean-expo-app/src/domain/usecase/GetPostsUseCase.ts": {"path":"/Users/hassan/Workspace/ReactNative/CleanApp/clean-expo-app/src/domain/usecase/GetPostsUseCase.ts","statementMap":{"0":{"start":{"line":9,"column":4},"end":{"line":9,"column":42}}},"fnMap":{"0":{"name":"(anonymous_0)","decl":{"start":{"line":6,"column":2},"end":{"line":6,"column":3}},"loc":{"start":{"line":6,"column":63},"end":{"line":6,"column":66}},"line":6},"1":{"name":"(anonymous_1)","decl":{"start":{"line":8,"column":2},"end":{"line":8,"column":3}},"loc":{"start":{"line":8,"column":32},"end":{"line":10,"column":3}},"line":8}},"branchMap":{},"s":{"0":1},"f":{"0":1,"1":1},"b":{},"_coverageSchema":"1a1c01bbd47fc00a2c39e90264f33305004495a9","hash":"18d73dcdee8af9ed258cf1c839df9ce8cd83102c"}
,"/Users/hassan/Workspace/ReactNative/CleanApp/clean-expo-app/src/domain/usecase/GetUserUseCase.ts": {"path":"/Users/hassan/Workspace/ReactNative/CleanApp/clean-expo-app/src/domain/usecase/GetUserUseCase.ts","statementMap":{"0":{"start":{"line":8,"column":4},"end":{"line":8,"column":47}}},"fnMap":{"0":{"name":"(anonymous_0)","decl":{"start":{"line":5,"column":2},"end":{"line":5,"column":3}},"loc":{"start":{"line":5,"column":63},"end":{"line":5,"column":66}},"line":5},"1":{"name":"(anonymous_1)","decl":{"start":{"line":7,"column":2},"end":{"line":7,"column":3}},"loc":{"start":{"line":7,"column":47},"end":{"line":9,"column":3}},"line":7}},"branchMap":{},"s":{"0":1},"f":{"0":1,"1":1},"b":{},"_coverageSchema":"1a1c01bbd47fc00a2c39e90264f33305004495a9","hash":"485e508dd480f50964d53b82da97a0d6a9425a69"}
,"/Users/hassan/Workspace/ReactNative/CleanApp/clean-expo-app/src/main/constants/Colors.ts": {"path":"/Users/hassan/Workspace/ReactNative/CleanApp/clean-expo-app/src/main/constants/Colors.ts","statementMap":{"0":{"start":{"line":6,"column":23},"end":{"line":6,"column":32}},"1":{"start":{"line":7,"column":22},"end":{"line":7,"column":28}},"2":{"start":{"line":9,"column":22},"end":{"line":28,"column":1}}},"fnMap":{},"branchMap":{},"s":{"0":3,"1":3,"2":3},"f":{},"b":{},"_coverageSchema":"1a1c01bbd47fc00a2c39e90264f33305004495a9","hash":"41b77190388e73d92b0503469a9cde1e26c70c4d"}
,"/Users/hassan/Workspace/ReactNative/CleanApp/clean-expo-app/src/main/constants/constants.ts": {"path":"/Users/hassan/Workspace/ReactNative/CleanApp/clean-expo-app/src/main/constants/constants.ts","statementMap":{"0":{"start":{"line":5,"column":28},"end":{"line":5,"column":38}},"1":{"start":{"line":6,"column":32},"end":{"line":6,"column":49}},"2":{"start":{"line":7,"column":34},"end":{"line":7,"column":50}},"3":{"start":{"line":9,"column":24},"end":{"line":21,"column":1}},"4":{"start":{"line":10,"column":25},"end":{"line":10,"column":54}},"5":{"start":{"line":11,"column":23},"end":{"line":11,"column":55}},"6":{"start":{"line":12,"column":24},"end":{"line":12,"column":81}},"7":{"start":{"line":14,"column":15},"end":{"line":14,"column":62}},"8":{"start":{"line":16,"column":2},"end":{"line":18,"column":3}},"9":{"start":{"line":17,"column":4},"end":{"line":17,"column":16}},"10":{"start":{"line":20,"column":2},"end":{"line":20,"column":36}},"11":{"start":{"line":23,"column":27},"end":{"line":35,"column":1}},"12":{"start":{"line":24,"column":2},"end":{"line":26,"column":3}},"13":{"start":{"line":25,"column":4},"end":{"line":25,"column":19}},"14":{"start":{"line":28,"column":2},"end":{"line":34,"column":3}},"15":{"start":{"line":29,"column":16},"end":{"line":29,"column":32}},"16":{"start":{"line":30,"column":4},"end":{"line":30,"column":24}},"17":{"start":{"line":31,"column":4},"end":{"line":31,"column":26}},"18":{"start":{"line":33,"column":4},"end":{"line":33,"column":19}},"19":{"start":{"line":37,"column":30},"end":{"line":45,"column":1}},"20":{"start":{"line":38,"column":2},"end":{"line":41,"column":3}},"21":{"start":{"line":40,"column":4},"end":{"line":40,"column":27}},"22":{"start":{"line":43,"column":23},"end":{"line":43,"column":40}},"23":{"start":{"line":44,"column":2},"end":{"line":44,"column":59}},"24":{"start":{"line":48,"column":2},"end":{"line":50,"column":17}}},"fnMap":{"0":{"name":"(anonymous_0)","decl":{"start":{"line":9,"column":24},"end":{"line":9,"column":25}},"loc":{"start":{"line":9,"column":30},"end":{"line":21,"column":1}},"line":9},"1":{"name":"(anonymous_1)","decl":{"start":{"line":23,"column":27},"end":{"line":23,"column":28}},"loc":{"start":{"line":23,"column":69},"end":{"line":35,"column":1}},"line":23},"2":{"name":"(anonymous_2)","decl":{"start":{"line":37,"column":30},"end":{"line":37,"column":31}},"loc":{"start":{"line":37,"column":36},"end":{"line":45,"column":1}},"line":37}},"branchMap":{"0":{"loc":{"start":{"line":14,"column":15},"end":{"line":14,"column":62}},"type":"binary-expr","locations":[{"start":{"line":14,"column":15},"end":{"line":14,"column":29}},{"start":{"line":14,"column":33},"end":{"line":14,"column":45}},{"start":{"line":14,"column":49},"end":{"line":14,"column":62}}],"line":14},"1":{"loc":{"start":{"line":16,"column":2},"end":{"line":18,"column":3}},"type":"if","locations":[{"start":{"line":16,"column":2},"end":{"line":18,"column":3}},{"start":{},"end":{}}],"line":16},"2":{"loc":{"start":{"line":20,"column":9},"end":{"line":20,"column":35}},"type":"binary-expr","locations":[{"start":{"line":20,"column":9},"end":{"line":20,"column":27}},{"start":{"line":20,"column":31},"end":{"line":20,"column":35}}],"line":20},"3":{"loc":{"start":{"line":24,"column":2},"end":{"line":26,"column":3}},"type":"if","locations":[{"start":{"line":24,"column":2},"end":{"line":26,"column":3}},{"start":{},"end":{}}],"line":24},"4":{"loc":{"start":{"line":38,"column":2},"end":{"line":41,"column":3}},"type":"if","locations":[{"start":{"line":38,"column":2},"end":{"line":41,"column":3}},{"start":{},"end":{}}],"line":38},"5":{"loc":{"start":{"line":48,"column":2},"end":{"line":50,"column":17}},"type":"cond-expr","locations":[{"start":{"line":49,"column":6},"end":{"line":49,"column":29}},{"start":{"line":50,"column":6},"end":{"line":50,"column":17}}],"line":48}},"s":{"0":8,"1":8,"2":8,"3":8,"4":2,"5":2,"6":2,"7":2,"8":2,"9":1,"10":1,"11":8,"12":2,"13":1,"14":1,"15":1,"16":1,"17":1,"18":0,"19":8,"20":5,"21":3,"22":2,"23":2,"24":8},"f":{"0":2,"1":2,"2":5},"b":{"0":[2,1,1],"1":[1,1],"2":[1,0],"3":[1,1],"4":[3,2],"5":[5,0]},"_coverageSchema":"1a1c01bbd47fc00a2c39e90264f33305004495a9","hash":"b2dfaa15967ffb494641bd76d0f5c14d78700dfd"}
,"/Users/hassan/Workspace/ReactNative/CleanApp/clean-expo-app/src/main/hooks/index.ts": {"path":"/Users/hassan/Workspace/ReactNative/CleanApp/clean-expo-app/src/main/hooks/index.ts","statementMap":{},"fnMap":{},"branchMap":{},"s":{},"f":{},"b":{},"_coverageSchema":"1a1c01bbd47fc00a2c39e90264f33305004495a9","hash":"6441036413ea4ce65a869be52fbde0c99eec6176"}
,"/Users/hassan/Workspace/ReactNative/CleanApp/clean-expo-app/src/main/hooks/useColorScheme.ts": {"path":"/Users/hassan/Workspace/ReactNative/CleanApp/clean-expo-app/src/main/hooks/useColorScheme.ts","statementMap":{},"fnMap":{},"branchMap":{},"s":{},"f":{},"b":{},"_coverageSchema":"1a1c01bbd47fc00a2c39e90264f33305004495a9","hash":"dfb90a198954ad589ce8629c0662ab77c9b677ac"}
,"/Users/hassan/Workspace/ReactNative/CleanApp/clean-expo-app/src/main/hooks/useLocalization.ts": {"path":"/Users/hassan/Workspace/ReactNative/CleanApp/clean-expo-app/src/main/hooks/useLocalization.ts","statementMap":{"0":{"start":{"line":7,"column":48},"end":{"line":7,"column":71}},"1":{"start":{"line":10,"column":2},"end":{"line":18,"column":9}},"2":{"start":{"line":11,"column":4},"end":{"line":17,"column":9}},"3":{"start":{"line":12,"column":28},"end":{"line":12,"column":68}},"4":{"start":{"line":13,"column":6},"end":{"line":16,"column":7}},"5":{"start":{"line":14,"column":8},"end":{"line":14,"column":49}},"6":{"start":{"line":15,"column":8},"end":{"line":15,"column":42}},"7":{"start":{"line":21,"column":25},"end":{"line":25,"column":8}},"8":{"start":{"line":22,"column":4},"end":{"line":22,"column":35}},"9":{"start":{"line":23,"column":4},"end":{"line":23,"column":28}},"10":{"start":{"line":24,"column":4},"end":{"line":24,"column":50}},"11":{"start":{"line":27,"column":2},"end":{"line":31,"column":4}}},"fnMap":{"0":{"name":"useLocalization","decl":{"start":{"line":6,"column":16},"end":{"line":6,"column":31}},"loc":{"start":{"line":6,"column":34},"end":{"line":32,"column":1}},"line":6},"1":{"name":"(anonymous_1)","decl":{"start":{"line":10,"column":12},"end":{"line":10,"column":13}},"loc":{"start":{"line":10,"column":18},"end":{"line":18,"column":3}},"line":10},"2":{"name":"(anonymous_2)","decl":{"start":{"line":11,"column":5},"end":{"line":11,"column":6}},"loc":{"start":{"line":11,"column":17},"end":{"line":17,"column":5}},"line":11},"3":{"name":"(anonymous_3)","decl":{"start":{"line":21,"column":37},"end":{"line":21,"column":38}},"loc":{"start":{"line":21,"column":60},"end":{"line":25,"column":3}},"line":21}},"branchMap":{"0":{"loc":{"start":{"line":13,"column":6},"end":{"line":16,"column":7}},"type":"if","locations":[{"start":{"line":13,"column":6},"end":{"line":16,"column":7}},{"start":{},"end":{}}],"line":13},"1":{"loc":{"start":{"line":13,"column":10},"end":{"line":13,"column":58}},"type":"binary-expr","locations":[{"start":{"line":13,"column":10},"end":{"line":13,"column":23}},{"start":{"line":13,"column":27},"end":{"line":13,"column":58}}],"line":13},"2":{"loc":{"start":{"line":30,"column":36},"end":{"line":30,"column":64}},"type":"binary-expr","locations":[{"start":{"line":30,"column":36},"end":{"line":30,"column":58}},{"start":{"line":30,"column":62},"end":{"line":30,"column":64}}],"line":30}},"s":{"0":5,"1":5,"2":3,"3":3,"4":3,"5":1,"6":1,"7":5,"8":1,"9":1,"10":1,"11":5},"f":{"0":5,"1":3,"2":3,"3":1},"b":{"0":[1,2],"1":[3,1],"2":[5,0]},"_coverageSchema":"1a1c01bbd47fc00a2c39e90264f33305004495a9","hash":"401c1034c79efa2472120d8c5aa4c065b4b6474e"}
,"/Users/hassan/Workspace/ReactNative/CleanApp/clean-expo-app/src/main/hooks/useThemeColor.ts": {"path":"/Users/hassan/Workspace/ReactNative/CleanApp/clean-expo-app/src/main/hooks/useThemeColor.ts","statementMap":{"0":{"start":{"line":13,"column":16},"end":{"line":13,"column":43}},"1":{"start":{"line":14,"column":25},"end":{"line":14,"column":37}},"2":{"start":{"line":16,"column":2},"end":{"line":20,"column":3}},"3":{"start":{"line":17,"column":4},"end":{"line":17,"column":26}},"4":{"start":{"line":19,"column":4},"end":{"line":19,"column":36}}},"fnMap":{"0":{"name":"useThemeColor","decl":{"start":{"line":9,"column":16},"end":{"line":9,"column":29}},"loc":{"start":{"line":12,"column":2},"end":{"line":21,"column":1}},"line":12}},"branchMap":{"0":{"loc":{"start":{"line":13,"column":16},"end":{"line":13,"column":43}},"type":"binary-expr","locations":[{"start":{"line":13,"column":16},"end":{"line":13,"column":32}},{"start":{"line":13,"column":36},"end":{"line":13,"column":43}}],"line":13},"1":{"loc":{"start":{"line":16,"column":2},"end":{"line":20,"column":3}},"type":"if","locations":[{"start":{"line":16,"column":2},"end":{"line":20,"column":3}},{"start":{"line":18,"column":9},"end":{"line":20,"column":3}}],"line":16}},"s":{"0":5,"1":5,"2":5,"3":1,"4":4},"f":{"0":5},"b":{"0":[5,0],"1":[1,4]},"_coverageSchema":"1a1c01bbd47fc00a2c39e90264f33305004495a9","hash":"fc5f5032cd1adec5312e6f5f3b659b6fa74d5207"}
,"/Users/hassan/Workspace/ReactNative/CleanApp/clean-expo-app/src/main/localization/i18n.ts": {"path":"/Users/hassan/Workspace/ReactNative/CleanApp/clean-expo-app/src/main/localization/i18n.ts","statementMap":{"0":{"start":{"line":10,"column":18},"end":{"line":13,"column":1}},"1":{"start":{"line":15,"column":17},"end":{"line":36,"column":1}},"2":{"start":{"line":16,"column":22},"end":{"line":16,"column":62}},"3":{"start":{"line":19,"column":28},"end":{"line":22,"column":3}},"4":{"start":{"line":20,"column":20},"end":{"line":20,"column":45}},"5":{"start":{"line":21,"column":4},"end":{"line":21,"column":43}},"6":{"start":{"line":24,"column":2},"end":{"line":26,"column":3}},"7":{"start":{"line":25,"column":4},"end":{"line":25,"column":40}},"8":{"start":{"line":28,"column":2},"end":{"line":35,"column":5}},"9":{"start":{"line":38,"column":0},"end":{"line":38,"column":11}}},"fnMap":{"0":{"name":"(anonymous_0)","decl":{"start":{"line":15,"column":17},"end":{"line":15,"column":18}},"loc":{"start":{"line":15,"column":29},"end":{"line":36,"column":1}},"line":15},"1":{"name":"(anonymous_1)","decl":{"start":{"line":19,"column":28},"end":{"line":19,"column":29}},"loc":{"start":{"line":19,"column":42},"end":{"line":22,"column":3}},"line":19}},"branchMap":{"0":{"loc":{"start":{"line":21,"column":11},"end":{"line":21,"column":42}},"type":"binary-expr","locations":[{"start":{"line":21,"column":11},"end":{"line":21,"column":34}},{"start":{"line":21,"column":38},"end":{"line":21,"column":42}}],"line":21},"1":{"loc":{"start":{"line":24,"column":2},"end":{"line":26,"column":3}},"type":"if","locations":[{"start":{"line":24,"column":2},"end":{"line":26,"column":3}},{"start":{},"end":{}}],"line":24}},"s":{"0":1,"1":1,"2":1,"3":1,"4":1,"5":1,"6":1,"7":1,"8":1,"9":1},"f":{"0":1,"1":1},"b":{"0":[1,0],"1":[1,0]},"_coverageSchema":"1a1c01bbd47fc00a2c39e90264f33305004495a9","hash":"f1c338a7cfca298f49292ae0f14261dd160bd529"}
,"/Users/hassan/Workspace/ReactNative/CleanApp/clean-expo-app/src/main/utils/PixelUtils.ts": {"path":"/Users/hassan/Workspace/ReactNative/CleanApp/clean-expo-app/src/main/utils/PixelUtils.ts","statementMap":{"0":{"start":{"line":4,"column":27},"end":{"line":4,"column":30}},"1":{"start":{"line":5,"column":28},"end":{"line":5,"column":31}},"2":{"start":{"line":7,"column":28},"end":{"line":8,"column":39}},"3":{"start":{"line":8,"column":2},"end":{"line":8,"column":39}},"4":{"start":{"line":10,"column":31},"end":{"line":13,"column":1}},"5":{"start":{"line":11,"column":20},"end":{"line":11,"column":44}},"6":{"start":{"line":12,"column":2},"end":{"line":12,"column":66}},"7":{"start":{"line":15,"column":29},"end":{"line":18,"column":1}},"8":{"start":{"line":16,"column":21},"end":{"line":16,"column":45}},"9":{"start":{"line":17,"column":2},"end":{"line":17,"column":68}},"10":{"start":{"line":20,"column":29},"end":{"line":23,"column":1}},"11":{"start":{"line":21,"column":21},"end":{"line":21,"column":42}},"12":{"start":{"line":22,"column":2},"end":{"line":22,"column":45}},"13":{"start":{"line":25,"column":37},"end":{"line":28,"column":1}},"14":{"start":{"line":26,"column":21},"end":{"line":26,"column":40}},"15":{"start":{"line":27,"column":2},"end":{"line":27,"column":45}},"16":{"start":{"line":30,"column":25},"end":{"line":31,"column":55}},"17":{"start":{"line":31,"column":2},"end":{"line":31,"column":55}},"18":{"start":{"line":33,"column":33},"end":{"line":41,"column":1}},"19":{"start":{"line":34,"column":18},"end":{"line":34,"column":37}},"20":{"start":{"line":35,"column":2},"end":{"line":40,"column":4}},"21":{"start":{"line":43,"column":27},"end":{"line":47,"column":1}},"22":{"start":{"line":55,"column":34},"end":{"line":69,"column":1}},"23":{"start":{"line":56,"column":20},"end":{"line":56,"column":41}},"24":{"start":{"line":58,"column":2},"end":{"line":68,"column":23}},"25":{"start":{"line":59,"column":4},"end":{"line":61,"column":5}},"26":{"start":{"line":60,"column":6},"end":{"line":60,"column":29}},"27":{"start":{"line":63,"column":4},"end":{"line":65,"column":5}},"28":{"start":{"line":64,"column":6},"end":{"line":64,"column":28}},"29":{"start":{"line":67,"column":4},"end":{"line":67,"column":25}}},"fnMap":{"0":{"name":"(anonymous_0)","decl":{"start":{"line":7,"column":28},"end":{"line":7,"column":29}},"loc":{"start":{"line":8,"column":2},"end":{"line":8,"column":39}},"line":8},"1":{"name":"(anonymous_1)","decl":{"start":{"line":10,"column":31},"end":{"line":10,"column":32}},"loc":{"start":{"line":10,"column":49},"end":{"line":13,"column":1}},"line":10},"2":{"name":"(anonymous_2)","decl":{"start":{"line":15,"column":29},"end":{"line":15,"column":30}},"loc":{"start":{"line":15,"column":47},"end":{"line":18,"column":1}},"line":15},"3":{"name":"(anonymous_3)","decl":{"start":{"line":20,"column":29},"end":{"line":20,"column":30}},"loc":{"start":{"line":20,"column":61},"end":{"line":23,"column":1}},"line":20},"4":{"name":"(anonymous_4)","decl":{"start":{"line":25,"column":37},"end":{"line":25,"column":38}},"loc":{"start":{"line":25,"column":69},"end":{"line":28,"column":1}},"line":25},"5":{"name":"(anonymous_5)","decl":{"start":{"line":30,"column":25},"end":{"line":30,"column":26}},"loc":{"start":{"line":31,"column":2},"end":{"line":31,"column":55}},"line":31},"6":{"name":"(anonymous_6)","decl":{"start":{"line":33,"column":33},"end":{"line":33,"column":34}},"loc":{"start":{"line":33,"column":48},"end":{"line":41,"column":1}},"line":33},"7":{"name":"(anonymous_7)","decl":{"start":{"line":55,"column":34},"end":{"line":55,"column":35}},"loc":{"start":{"line":55,"column":73},"end":{"line":69,"column":1}},"line":55},"8":{"name":"(anonymous_8)","decl":{"start":{"line":58,"column":17},"end":{"line":58,"column":18}},"loc":{"start":{"line":58,"column":23},"end":{"line":68,"column":3}},"line":58}},"branchMap":{"0":{"loc":{"start":{"line":20,"column":44},"end":{"line":20,"column":56}},"type":"default-arg","locations":[{"start":{"line":20,"column":53},"end":{"line":20,"column":56}}],"line":20},"1":{"loc":{"start":{"line":25,"column":52},"end":{"line":25,"column":64}},"type":"default-arg","locations":[{"start":{"line":25,"column":61},"end":{"line":25,"column":64}}],"line":25},"2":{"loc":{"start":{"line":33,"column":34},"end":{"line":33,"column":43}},"type":"default-arg","locations":[{"start":{"line":33,"column":41},"end":{"line":33,"column":43}}],"line":33},"3":{"loc":{"start":{"line":59,"column":4},"end":{"line":61,"column":5}},"type":"if","locations":[{"start":{"line":59,"column":4},"end":{"line":61,"column":5}},{"start":{},"end":{}}],"line":59},"4":{"loc":{"start":{"line":59,"column":8},"end":{"line":59,"column":69}},"type":"binary-expr","locations":[{"start":{"line":59,"column":8},"end":{"line":59,"column":36}},{"start":{"line":59,"column":40},"end":{"line":59,"column":69}}],"line":59},"5":{"loc":{"start":{"line":63,"column":4},"end":{"line":65,"column":5}},"type":"if","locations":[{"start":{"line":63,"column":4},"end":{"line":65,"column":5}},{"start":{},"end":{}}],"line":63},"6":{"loc":{"start":{"line":63,"column":8},"end":{"line":63,"column":67}},"type":"binary-expr","locations":[{"start":{"line":63,"column":8},"end":{"line":63,"column":35}},{"start":{"line":63,"column":39},"end":{"line":63,"column":67}}],"line":63}},"s":{"0":2,"1":2,"2":2,"3":16,"4":2,"5":3,"6":3,"7":2,"8":7,"9":7,"10":2,"11":2,"12":2,"13":2,"14":6,"15":6,"16":2,"17":6,"18":2,"19":1,"20":1,"21":2,"22":2,"23":3,"24":3,"25":3,"26":1,"27":2,"28":1,"29":1},"f":{"0":16,"1":3,"2":7,"3":2,"4":6,"5":6,"6":1,"7":3,"8":3},"b":{"0":[1],"1":[5],"2":[0],"3":[1,2],"4":[3,1],"5":[1,1],"6":[2,1]},"_coverageSchema":"1a1c01bbd47fc00a2c39e90264f33305004495a9","hash":"f7acfb8825b4b93dd4107adcf402b79305bf31eb"}
,"/Users/hassan/Workspace/ReactNative/CleanApp/clean-expo-app/src/presentation/components/theme/ThemedButton.tsx": {"path":"/Users/hassan/Workspace/ReactNative/CleanApp/clean-expo-app/src/presentation/components/theme/ThemedButton.tsx","statementMap":{"0":{"start":{"line":23,"column":26},"end":{"line":26,"column":3}},"1":{"start":{"line":27,"column":16},"end":{"line":27,"column":83}},"2":{"start":{"line":29,"column":2},"end":{"line":44,"column":4}},"3":{"start":{"line":31,"column":30},"end":{"line":37,"column":7}},"4":{"start":{"line":47,"column":15},"end":{"line":68,"column":2}}},"fnMap":{"0":{"name":"ThemedButton","decl":{"start":{"line":14,"column":16},"end":{"line":14,"column":28}},"loc":{"start":{"line":22,"column":22},"end":{"line":45,"column":1}},"line":22},"1":{"name":"(anonymous_1)","decl":{"start":{"line":31,"column":13},"end":{"line":31,"column":14}},"loc":{"start":{"line":31,"column":30},"end":{"line":37,"column":7}},"line":31}},"branchMap":{"0":{"loc":{"start":{"line":18,"column":2},"end":{"line":18,"column":18}},"type":"default-arg","locations":[{"start":{"line":18,"column":9},"end":{"line":18,"column":18}}],"line":18},"1":{"loc":{"start":{"line":25,"column":4},"end":{"line":25,"column":46}},"type":"cond-expr","locations":[{"start":{"line":25,"column":25},"end":{"line":25,"column":31}},{"start":{"line":25,"column":34},"end":{"line":25,"column":46}}],"line":25},"2":{"loc":{"start":{"line":33,"column":8},"end":{"line":33,"column":44}},"type":"binary-expr","locations":[{"start":{"line":33,"column":8},"end":{"line":33,"column":26}},{"start":{"line":33,"column":30},"end":{"line":33,"column":44}}],"line":33},"3":{"loc":{"start":{"line":34,"column":8},"end":{"line":34,"column":48}},"type":"binary-expr","locations":[{"start":{"line":34,"column":8},"end":{"line":34,"column":28}},{"start":{"line":34,"column":32},"end":{"line":34,"column":48}}],"line":34},"4":{"loc":{"start":{"line":35,"column":36},"end":{"line":35,"column":53}},"type":"cond-expr","locations":[{"start":{"line":35,"column":46},"end":{"line":35,"column":49}},{"start":{"line":35,"column":52},"end":{"line":35,"column":53}}],"line":35},"5":{"loc":{"start":{"line":40,"column":33},"end":{"line":40,"column":73}},"type":"binary-expr","locations":[{"start":{"line":40,"column":33},"end":{"line":40,"column":51}},{"start":{"line":40,"column":55},"end":{"line":40,"column":73}}],"line":40}},"s":{"0":0,"1":0,"2":0,"3":0,"4":1},"f":{"0":0,"1":0},"b":{"0":[0],"1":[0,0],"2":[0,0],"3":[0,0],"4":[0,0],"5":[0,0]},"_coverageSchema":"1a1c01bbd47fc00a2c39e90264f33305004495a9","hash":"5dbe7ca351b861909c199c987d34b3ea2c5f30ea"}
,"/Users/hassan/Workspace/ReactNative/CleanApp/clean-expo-app/src/presentation/components/theme/ThemedText.tsx": {"path":"/Users/hassan/Workspace/ReactNative/CleanApp/clean-expo-app/src/presentation/components/theme/ThemedText.tsx","statementMap":{"0":{"start":{"line":11,"column":25},"end":{"line":30,"column":2}},"1":{"start":{"line":39,"column":16},"end":{"line":39,"column":77}},"2":{"start":{"line":41,"column":2},"end":{"line":54,"column":4}}},"fnMap":{"0":{"name":"ThemedText","decl":{"start":{"line":32,"column":16},"end":{"line":32,"column":26}},"loc":{"start":{"line":38,"column":20},"end":{"line":55,"column":1}},"line":38}},"branchMap":{"0":{"loc":{"start":{"line":36,"column":2},"end":{"line":36,"column":18}},"type":"default-arg","locations":[{"start":{"line":36,"column":9},"end":{"line":36,"column":18}}],"line":36},"1":{"loc":{"start":{"line":45,"column":8},"end":{"line":45,"column":65}},"type":"cond-expr","locations":[{"start":{"line":45,"column":29},"end":{"line":45,"column":53}},{"start":{"line":45,"column":56},"end":{"line":45,"column":65}}],"line":45},"2":{"loc":{"start":{"line":46,"column":8},"end":{"line":46,"column":61}},"type":"cond-expr","locations":[{"start":{"line":46,"column":27},"end":{"line":46,"column":49}},{"start":{"line":46,"column":52},"end":{"line":46,"column":61}}],"line":46},"3":{"loc":{"start":{"line":47,"column":8},"end":{"line":47,"column":81}},"type":"cond-expr","locations":[{"start":{"line":47,"column":37},"end":{"line":47,"column":69}},{"start":{"line":47,"column":72},"end":{"line":47,"column":81}}],"line":47},"4":{"loc":{"start":{"line":48,"column":8},"end":{"line":48,"column":67}},"type":"cond-expr","locations":[{"start":{"line":48,"column":30},"end":{"line":48,"column":55}},{"start":{"line":48,"column":58},"end":{"line":48,"column":67}}],"line":48},"5":{"loc":{"start":{"line":49,"column":8},"end":{"line":49,"column":59}},"type":"cond-expr","locations":[{"start":{"line":49,"column":26},"end":{"line":49,"column":47}},{"start":{"line":49,"column":50},"end":{"line":49,"column":59}}],"line":49}},"s":{"0":1,"1":1,"2":1},"f":{"0":1},"b":{"0":[0],"1":[0,1],"2":[0,1],"3":[0,1],"4":[1,0],"5":[0,1]},"_coverageSchema":"1a1c01bbd47fc00a2c39e90264f33305004495a9","hash":"cd1ae9e3c6c450de3c3bf9daf9685b86d16faf8b"}
,"/Users/hassan/Workspace/ReactNative/CleanApp/clean-expo-app/src/presentation/components/theme/ThemedView.tsx": {"path":"/Users/hassan/Workspace/ReactNative/CleanApp/clean-expo-app/src/presentation/components/theme/ThemedView.tsx","statementMap":{"0":{"start":{"line":10,"column":26},"end":{"line":10,"column":93}},"1":{"start":{"line":11,"column":22},"end":{"line":11,"column":85}},"2":{"start":{"line":13,"column":2},"end":{"line":22,"column":4}}},"fnMap":{"0":{"name":"ThemedView","decl":{"start":{"line":9,"column":16},"end":{"line":9,"column":26}},"loc":{"start":{"line":9,"column":93},"end":{"line":23,"column":1}},"line":9}},"branchMap":{"0":{"loc":{"start":{"line":17,"column":8},"end":{"line":17,"column":44}},"type":"cond-expr","locations":[{"start":{"line":17,"column":22},"end":{"line":17,"column":37}},{"start":{"line":17,"column":40},"end":{"line":17,"column":44}}],"line":17}},"s":{"0":1,"1":1,"2":1},"f":{"0":1},"b":{"0":[1,0]},"_coverageSchema":"1a1c01bbd47fc00a2c39e90264f33305004495a9","hash":"4585cd3d935cf5c145095b63ce76e78ab3e63d6e"}
,"/Users/hassan/Workspace/ReactNative/CleanApp/clean-expo-app/src/presentation/components/theme/index.ts": {"path":"/Users/hassan/Workspace/ReactNative/CleanApp/clean-expo-app/src/presentation/components/theme/index.ts","statementMap":{},"fnMap":{},"branchMap":{},"s":{},"f":{},"b":{},"_coverageSchema":"1a1c01bbd47fc00a2c39e90264f33305004495a9","hash":"5b82981d722ef2545d1b8e4be3546b31047b7fed"}
,"/Users/hassan/Workspace/ReactNative/CleanApp/clean-expo-app/src/presentation/features/favorite/components/FavoriteScreen.tsx": {"path":"/Users/hassan/Workspace/ReactNative/CleanApp/clean-expo-app/src/presentation/features/favorite/components/FavoriteScreen.tsx","statementMap":{"0":{"start":{"line":9,"column":40},"end":{"line":45,"column":1}},"1":{"start":{"line":10,"column":48},"end":{"line":10,"column":66}},"2":{"start":{"line":12,"column":17},"end":{"line":12,"column":28}},"3":{"start":{"line":14,"column":21},"end":{"line":16,"column":3}},"4":{"start":{"line":15,"column":4},"end":{"line":15,"column":74}},"5":{"start":{"line":18,"column":31},"end":{"line":22,"column":26}},"6":{"start":{"line":19,"column":4},"end":{"line":21,"column":9}},"7":{"start":{"line":20,"column":6},"end":{"line":20,"column":37}},"8":{"start":{"line":24,"column":2},"end":{"line":34,"column":3}},"9":{"start":{"line":25,"column":4},"end":{"line":33,"column":5}},"10":{"start":{"line":36,"column":2},"end":{"line":44,"column":4}}},"fnMap":{"0":{"name":"(anonymous_0)","decl":{"start":{"line":9,"column":40},"end":{"line":9,"column":41}},"loc":{"start":{"line":9,"column":46},"end":{"line":45,"column":1}},"line":9},"1":{"name":"(anonymous_1)","decl":{"start":{"line":14,"column":21},"end":{"line":14,"column":22}},"loc":{"start":{"line":14,"column":57},"end":{"line":16,"column":3}},"line":14},"2":{"name":"(anonymous_2)","decl":{"start":{"line":18,"column":43},"end":{"line":18,"column":44}},"loc":{"start":{"line":18,"column":59},"end":{"line":22,"column":3}},"line":18},"3":{"name":"(anonymous_3)","decl":{"start":{"line":19,"column":5},"end":{"line":19,"column":6}},"loc":{"start":{"line":19,"column":17},"end":{"line":21,"column":5}},"line":19}},"branchMap":{"0":{"loc":{"start":{"line":24,"column":2},"end":{"line":34,"column":3}},"type":"if","locations":[{"start":{"line":24,"column":2},"end":{"line":34,"column":3}},{"start":{},"end":{}}],"line":24}},"s":{"0":1,"1":2,"2":2,"3":2,"4":0,"5":2,"6":1,"7":1,"8":2,"9":1,"10":1},"f":{"0":2,"1":0,"2":1,"3":1},"b":{"0":[1,1]},"_coverageSchema":"1a1c01bbd47fc00a2c39e90264f33305004495a9","hash":"b1cdfdc6b8a59df8df5088113223fbd050cca160"}
,"/Users/hassan/Workspace/ReactNative/CleanApp/clean-expo-app/src/presentation/features/posts/hooks/usePosts.ts": {"path":"/Users/hassan/Workspace/ReactNative/CleanApp/clean-expo-app/src/presentation/features/posts/hooks/usePosts.ts","statementMap":{"0":{"start":{"line":5,"column":24},"end":{"line":50,"column":1}},"1":{"start":{"line":6,"column":28},"end":{"line":6,"column":48}},"2":{"start":{"line":7,"column":36},"end":{"line":7,"column":59}},"3":{"start":{"line":8,"column":28},"end":{"line":8,"column":57}},"4":{"start":{"line":10,"column":20},"end":{"line":23,"column":8}},"5":{"start":{"line":11,"column":4},"end":{"line":11,"column":23}},"6":{"start":{"line":12,"column":4},"end":{"line":12,"column":19}},"7":{"start":{"line":14,"column":4},"end":{"line":22,"column":5}},"8":{"start":{"line":15,"column":27},"end":{"line":15,"column":67}},"9":{"start":{"line":16,"column":6},"end":{"line":16,"column":29}},"10":{"start":{"line":18,"column":6},"end":{"line":18,"column":19}},"11":{"start":{"line":19,"column":6},"end":{"line":19,"column":76}},"12":{"start":{"line":21,"column":6},"end":{"line":21,"column":26}},"13":{"start":{"line":25,"column":2},"end":{"line":27,"column":18}},"14":{"start":{"line":26,"column":4},"end":{"line":26,"column":16}},"15":{"start":{"line":29,"column":26},"end":{"line":32,"column":3}},"16":{"start":{"line":30,"column":10},"end":{"line":30,"column":71}},"17":{"start":{"line":30,"column":54},"end":{"line":30,"column":69}},"18":{"start":{"line":34,"column":29},"end":{"line":41,"column":3}},"19":{"start":{"line":36,"column":6},"end":{"line":39,"column":9}},"20":{"start":{"line":36,"column":27},"end":{"line":39,"column":7}},"21":{"start":{"line":43,"column":2},"end":{"line":49,"column":4}}},"fnMap":{"0":{"name":"(anonymous_0)","decl":{"start":{"line":5,"column":24},"end":{"line":5,"column":25}},"loc":{"start":{"line":5,"column":51},"end":{"line":50,"column":1}},"line":5},"1":{"name":"(anonymous_1)","decl":{"start":{"line":10,"column":32},"end":{"line":10,"column":33}},"loc":{"start":{"line":10,"column":44},"end":{"line":23,"column":3}},"line":10},"2":{"name":"(anonymous_2)","decl":{"start":{"line":25,"column":12},"end":{"line":25,"column":13}},"loc":{"start":{"line":25,"column":18},"end":{"line":27,"column":3}},"line":25},"3":{"name":"(anonymous_3)","decl":{"start":{"line":30,"column":4},"end":{"line":30,"column":5}},"loc":{"start":{"line":30,"column":10},"end":{"line":30,"column":71}},"line":30},"4":{"name":"(anonymous_4)","decl":{"start":{"line":30,"column":36},"end":{"line":30,"column":37}},"loc":{"start":{"line":30,"column":54},"end":{"line":30,"column":69}},"line":30},"5":{"name":"(anonymous_5)","decl":{"start":{"line":35,"column":4},"end":{"line":35,"column":5}},"loc":{"start":{"line":36,"column":6},"end":{"line":39,"column":9}},"line":36},"6":{"name":"(anonymous_6)","decl":{"start":{"line":36,"column":16},"end":{"line":36,"column":17}},"loc":{"start":{"line":36,"column":27},"end":{"line":39,"column":7}},"line":36}},"branchMap":{"0":{"loc":{"start":{"line":19,"column":15},"end":{"line":19,"column":74}},"type":"cond-expr","locations":[{"start":{"line":19,"column":38},"end":{"line":19,"column":49}},{"start":{"line":19,"column":52},"end":{"line":19,"column":74}}],"line":19}},"s":{"0":1,"1":4,"2":4,"3":4,"4":4,"5":2,"6":2,"7":2,"8":2,"9":1,"10":1,"11":1,"12":2,"13":4,"14":2,"15":4,"16":3,"17":1,"18":4,"19":4,"20":2,"21":4},"f":{"0":4,"1":2,"2":2,"3":3,"4":1,"5":4,"6":2},"b":{"0":[1,0]},"_coverageSchema":"1a1c01bbd47fc00a2c39e90264f33305004495a9","hash":"6d00881b0c509f83ac76aa4e5ca57f55ee0b7975"}
,"/Users/hassan/Workspace/ReactNative/CleanApp/clean-expo-app/src/presentation/theme/typography.ts": {"path":"/Users/hassan/Workspace/ReactNative/CleanApp/clean-expo-app/src/presentation/theme/typography.ts","statementMap":{"0":{"start":{"line":4,"column":23},"end":{"line":8,"column":2}},"1":{"start":{"line":10,"column":27},"end":{"line":14,"column":2}},"2":{"start":{"line":16,"column":23},"end":{"line":20,"column":2}},"3":{"start":{"line":22,"column":26},"end":{"line":49,"column":1}}},"fnMap":{},"branchMap":{},"s":{"0":1,"1":1,"2":1,"3":1},"f":{},"b":{},"_coverageSchema":"1a1c01bbd47fc00a2c39e90264f33305004495a9","hash":"fe03e5f127bd69ec89939bcae073aed997afe066"}
}
