TN:
SF:src/data/mapper/commentMapper.ts
FN:4,(anonymous_0)
FN:5,(anonymous_1)
FN:12,(anonymous_2)
FN:13,(anonymous_3)
FNF:4
FNH:4
FNDA:1,(anonymous_0)
FNDA:2,(anonymous_1)
FNDA:1,(anonymous_2)
FNDA:1,(anonymous_3)
DA:4,2
DA:5,2
DA:12,2
DA:13,1
LF:4
LH:4
BRF:0
BRH:0
end_of_record
TN:
SF:src/data/mapper/index.ts
FNF:0
FNH:0
LF:0
LH:0
BRF:0
BRH:0
end_of_record
TN:
SF:src/data/mapper/postMapper.ts
FN:4,(anonymous_0)
FN:11,(anonymous_1)
FNF:2
FNH:2
FNDA:6,(anonymous_0)
FNDA:1,(anonymous_1)
DA:4,6
DA:11,2
LF:2
LH:2
BRF:0
BRH:0
end_of_record
TN:
SF:src/data/mapper/userMapper.ts
FN:4,(anonymous_0)
FN:10,(anonymous_1)
FNF:2
FNH:2
FNDA:1,(anonymous_0)
FNDA:1,(anonymous_1)
DA:4,2
DA:10,2
LF:2
LH:2
BRF:0
BRH:0
end_of_record
TN:
SF:src/data/repository/PostRepositoryImpl.ts
FN:8,(anonymous_0)
FN:13,(anonymous_1)
FN:24,(anonymous_2)
FNF:3
FNH:3
FNDA:4,(anonymous_0)
FNDA:2,(anonymous_1)
FNDA:2,(anonymous_2)
DA:14,2
DA:15,2
DA:16,1
DA:19,1
DA:20,1
DA:21,1
DA:25,2
DA:26,2
DA:27,1
DA:30,1
DA:31,1
DA:32,1
LF:12
LH:12
BRDA:15,0,0,1
BRDA:15,0,1,1
BRDA:15,1,0,2
BRDA:15,1,1,1
BRDA:26,2,0,1
BRDA:26,2,1,1
BRF:6
BRH:6
end_of_record
TN:
SF:src/data/source/remote/APIService.ts
FN:18,(anonymous_0)
FN:23,(anonymous_1)
FN:28,(anonymous_2)
FN:33,(anonymous_3)
FNF:4
FNH:4
FNDA:1,(anonymous_0)
FNDA:1,(anonymous_1)
FNDA:1,(anonymous_2)
FNDA:1,(anonymous_3)
DA:19,1
DA:20,1
DA:24,1
DA:25,1
DA:29,1
DA:30,1
DA:34,1
DA:35,1
LF:8
LH:8
BRF:0
BRH:0
end_of_record
TN:
SF:src/domain/usecase/GetCommentUseCase.ts
FN:5,(anonymous_0)
FN:7,(anonymous_1)
FNF:2
FNH:2
FNDA:1,(anonymous_0)
FNDA:1,(anonymous_1)
DA:8,1
LF:1
LH:1
BRF:0
BRH:0
end_of_record
TN:
SF:src/domain/usecase/GetPostUseCase.ts
FN:5,(anonymous_0)
FN:7,(anonymous_1)
FNF:2
FNH:2
FNDA:1,(anonymous_0)
FNDA:1,(anonymous_1)
DA:8,1
LF:1
LH:1
BRF:0
BRH:0
end_of_record
TN:
SF:src/domain/usecase/GetPostsUseCase.ts
FN:6,(anonymous_0)
FN:8,(anonymous_1)
FNF:2
FNH:2
FNDA:1,(anonymous_0)
FNDA:1,(anonymous_1)
DA:9,1
LF:1
LH:1
BRF:0
BRH:0
end_of_record
TN:
SF:src/domain/usecase/GetUserUseCase.ts
FN:5,(anonymous_0)
FN:7,(anonymous_1)
FNF:2
FNH:2
FNDA:1,(anonymous_0)
FNDA:1,(anonymous_1)
DA:8,1
LF:1
LH:1
BRF:0
BRH:0
end_of_record
TN:
SF:src/main/constants/Colors.ts
FNF:0
FNH:0
DA:6,3
DA:7,3
DA:9,3
LF:3
LH:3
BRF:0
BRH:0
end_of_record
TN:
SF:src/main/constants/constants.ts
FN:9,(anonymous_0)
FN:23,(anonymous_1)
FN:37,(anonymous_2)
FNF:3
FNH:3
FNDA:2,(anonymous_0)
FNDA:2,(anonymous_1)
FNDA:5,(anonymous_2)
DA:5,8
DA:6,8
DA:7,8
DA:9,8
DA:10,2
DA:11,2
DA:12,2
DA:14,2
DA:16,2
DA:17,1
DA:20,1
DA:23,8
DA:24,2
DA:25,1
DA:28,1
DA:29,1
DA:30,1
DA:31,1
DA:33,0
DA:37,8
DA:38,5
DA:40,3
DA:43,2
DA:44,2
DA:48,8
LF:25
LH:24
BRDA:14,0,0,2
BRDA:14,0,1,1
BRDA:14,0,2,1
BRDA:16,1,0,1
BRDA:16,1,1,1
BRDA:20,2,0,1
BRDA:20,2,1,0
BRDA:24,3,0,1
BRDA:24,3,1,1
BRDA:38,4,0,3
BRDA:38,4,1,2
BRDA:48,5,0,5
BRDA:48,5,1,0
BRF:13
BRH:11
end_of_record
TN:
SF:src/main/hooks/index.ts
FNF:0
FNH:0
LF:0
LH:0
BRF:0
BRH:0
end_of_record
TN:
SF:src/main/hooks/useColorScheme.ts
FNF:0
FNH:0
LF:0
LH:0
BRF:0
BRH:0
end_of_record
TN:
SF:src/main/hooks/useLocalization.ts
FN:6,useLocalization
FN:10,(anonymous_1)
FN:11,(anonymous_2)
FN:21,(anonymous_3)
FNF:4
FNH:4
FNDA:5,useLocalization
FNDA:3,(anonymous_1)
FNDA:3,(anonymous_2)
FNDA:1,(anonymous_3)
DA:7,5
DA:10,5
DA:11,3
DA:12,3
DA:13,3
DA:14,1
DA:15,1
DA:21,5
DA:22,1
DA:23,1
DA:24,1
DA:27,5
LF:12
LH:12
BRDA:13,0,0,1
BRDA:13,0,1,2
BRDA:13,1,0,3
BRDA:13,1,1,1
BRDA:30,2,0,5
BRDA:30,2,1,0
BRF:6
BRH:5
end_of_record
TN:
SF:src/main/hooks/useThemeColor.ts
FN:9,useThemeColor
FNF:1
FNH:1
FNDA:5,useThemeColor
DA:13,5
DA:14,5
DA:16,5
DA:17,1
DA:19,4
LF:5
LH:5
BRDA:13,0,0,5
BRDA:13,0,1,0
BRDA:16,1,0,1
BRDA:16,1,1,4
BRF:4
BRH:3
end_of_record
TN:
SF:src/main/localization/i18n.ts
FN:15,(anonymous_0)
FN:19,(anonymous_1)
FNF:2
FNH:2
FNDA:1,(anonymous_0)
FNDA:1,(anonymous_1)
DA:10,1
DA:15,1
DA:16,1
DA:19,1
DA:20,1
DA:21,1
DA:24,1
DA:25,1
DA:28,1
DA:38,1
LF:10
LH:10
BRDA:21,0,0,1
BRDA:21,0,1,0
BRDA:24,1,0,1
BRDA:24,1,1,0
BRF:4
BRH:2
end_of_record
TN:
SF:src/main/utils/PixelUtils.ts
FN:7,(anonymous_0)
FN:10,(anonymous_1)
FN:15,(anonymous_2)
FN:20,(anonymous_3)
FN:25,(anonymous_4)
FN:30,(anonymous_5)
FN:33,(anonymous_6)
FN:55,(anonymous_7)
FN:58,(anonymous_8)
FNF:9
FNH:9
FNDA:16,(anonymous_0)
FNDA:3,(anonymous_1)
FNDA:7,(anonymous_2)
FNDA:2,(anonymous_3)
FNDA:6,(anonymous_4)
FNDA:6,(anonymous_5)
FNDA:1,(anonymous_6)
FNDA:3,(anonymous_7)
FNDA:3,(anonymous_8)
DA:4,2
DA:5,2
DA:7,2
DA:8,16
DA:10,2
DA:11,3
DA:12,3
DA:15,2
DA:16,7
DA:17,7
DA:20,2
DA:21,2
DA:22,2
DA:25,2
DA:26,6
DA:27,6
DA:30,2
DA:31,6
DA:33,2
DA:34,1
DA:35,1
DA:43,2
DA:55,2
DA:56,3
DA:58,3
DA:59,3
DA:60,1
DA:63,2
DA:64,1
DA:67,1
LF:30
LH:30
BRDA:20,0,0,1
BRDA:25,1,0,5
BRDA:33,2,0,0
BRDA:59,3,0,1
BRDA:59,3,1,2
BRDA:59,4,0,3
BRDA:59,4,1,1
BRDA:63,5,0,1
BRDA:63,5,1,1
BRDA:63,6,0,2
BRDA:63,6,1,1
BRF:11
BRH:10
end_of_record
TN:
SF:src/presentation/components/theme/ThemedButton.tsx
FN:14,ThemedButton
FN:31,(anonymous_1)
FNF:2
FNH:0
FNDA:0,ThemedButton
FNDA:0,(anonymous_1)
DA:23,0
DA:27,0
DA:29,0
DA:31,0
DA:47,1
LF:5
LH:1
BRDA:18,0,0,0
BRDA:25,1,0,0
BRDA:25,1,1,0
BRDA:33,2,0,0
BRDA:33,2,1,0
BRDA:34,3,0,0
BRDA:34,3,1,0
BRDA:35,4,0,0
BRDA:35,4,1,0
BRDA:40,5,0,0
BRDA:40,5,1,0
BRF:11
BRH:0
end_of_record
TN:
SF:src/presentation/components/theme/ThemedText.tsx
FN:32,ThemedText
FNF:1
FNH:1
FNDA:1,ThemedText
DA:11,1
DA:39,1
DA:41,1
LF:3
LH:3
BRDA:36,0,0,0
BRDA:45,1,0,0
BRDA:45,1,1,1
BRDA:46,2,0,0
BRDA:46,2,1,1
BRDA:47,3,0,0
BRDA:47,3,1,1
BRDA:48,4,0,1
BRDA:48,4,1,0
BRDA:49,5,0,0
BRDA:49,5,1,1
BRF:11
BRH:5
end_of_record
TN:
SF:src/presentation/components/theme/ThemedView.tsx
FN:9,ThemedView
FNF:1
FNH:1
FNDA:1,ThemedView
DA:10,1
DA:11,1
DA:13,1
LF:3
LH:3
BRDA:17,0,0,1
BRDA:17,0,1,0
BRF:2
BRH:1
end_of_record
TN:
SF:src/presentation/components/theme/index.ts
FNF:0
FNH:0
LF:0
LH:0
BRF:0
BRH:0
end_of_record
TN:
SF:src/presentation/features/favorite/components/FavoriteScreen.tsx
FN:9,(anonymous_0)
FN:14,(anonymous_1)
FN:18,(anonymous_2)
FN:19,(anonymous_3)
FNF:4
FNH:3
FNDA:2,(anonymous_0)
FNDA:0,(anonymous_1)
FNDA:1,(anonymous_2)
FNDA:1,(anonymous_3)
DA:9,1
DA:10,2
DA:12,2
DA:14,2
DA:15,0
DA:18,2
DA:19,1
DA:20,1
DA:24,2
DA:25,1
DA:36,1
LF:11
LH:10
BRDA:24,0,0,1
BRDA:24,0,1,1
BRF:2
BRH:2
end_of_record
TN:
SF:src/presentation/features/posts/hooks/usePosts.ts
FN:5,(anonymous_0)
FN:10,(anonymous_1)
FN:25,(anonymous_2)
FN:30,(anonymous_3)
FN:30,(anonymous_4)
FN:35,(anonymous_5)
FN:36,(anonymous_6)
FNF:7
FNH:7
FNDA:4,(anonymous_0)
FNDA:2,(anonymous_1)
FNDA:2,(anonymous_2)
FNDA:3,(anonymous_3)
FNDA:1,(anonymous_4)
FNDA:4,(anonymous_5)
FNDA:2,(anonymous_6)
DA:5,1
DA:6,4
DA:7,4
DA:8,4
DA:10,4
DA:11,2
DA:12,2
DA:14,2
DA:15,2
DA:16,1
DA:18,1
DA:19,1
DA:21,2
DA:25,4
DA:26,2
DA:29,4
DA:30,3
DA:34,4
DA:36,4
DA:43,4
LF:20
LH:20
BRDA:19,0,0,1
BRDA:19,0,1,0
BRF:2
BRH:1
end_of_record
TN:
SF:src/presentation/theme/typography.ts
FNF:0
FNH:0
DA:4,1
DA:10,1
DA:16,1
DA:22,1
LF:4
LH:4
BRF:0
BRH:0
end_of_record
